[06Jul2026 00:11:50.624] [main/INFO] [cpw.mods.modlauncher.Launcher/MODLAUNCHER]: ModLauncher running: args [--launchTarget, forgeserver, --fml.neoForgeVersion, 21.1.235, --fml.fmlVersion, 4.0.42, --fml.mcVersion, 1.21.1, --fml.neoFormVersion, 20240808.144430, nogui]
[06Jul2026 00:11:50.627] [main/INFO] [cpw.mods.modlauncher.Launcher/MODLAUNCHER]: JVM identified as Ubuntu OpenJDK 64-Bit Server VM 25.0.3+9-2-24.04.2-Ubuntu
[06Jul2026 00:11:50.629] [main/INFO] [cpw.mods.modlauncher.Launcher/MODLAUNCHER]: ModLauncher 11.0.5+main.901c6ea8 starting: java version 25.0.3 by Ubuntu; OS Linux arch amd64 version 6.8.0-1052-azure
[06Jul2026 00:11:50.760] [main/INFO] [net.neoforged.fml.loading.ImmediateWindowHandler/]: ImmediateWindowProvider not loading because launch target is forgeserver
[06Jul2026 00:11:50.836] [main/INFO] [mixin/]: SpongePowered MIXIN Subsystem Version=0.8.7 Source=union:/workspaces/bugthree/servidor_minecraft/libraries/net/fabricmc/sponge-mixin/0.15.2+mixin.0.8.7/sponge-mixin-0.15.2+mixin.0.8.7.jar%2373!/ Service=ModLauncher Env=SERVER
[06Jul2026 00:11:51.246] [main/INFO] [net.neoforged.fml.loading.moddiscovery.ModDiscoverer/SCAN]: Found mod file "server-1.21.1-20240808.144430-srg.jar" [locator: production server provider +net.neoforged:neoforge:21.1.235:server]
[06Jul2026 00:11:51.270] [main/INFO] [net.neoforged.fml.loading.moddiscovery.ModDiscoverer/SCAN]: Found mod file "neoforge-21.1.235-universal.jar" [locator: PathBasedLocator[name=neoforge, paths=[libraries/net/neoforged/neoforge/21.1.235/neoforge-21.1.235-universal.jar]], reader: mod manifest]
[06Jul2026 00:11:51.372] [main/INFO] [net.neoforged.fml.loading.moddiscovery.locators.JarInJarDependencyLocator/]: Found 2 dependencies adding them to mods collection
[06Jul2026 00:11:51.372] [main/INFO] [net.neoforged.fml.loading.moddiscovery.ModDiscoverer/SCAN]: Found gamelibrary file "mixinextras-neoforge-0.5.3.jar" [parent: neoforge-21.1.235-universal.jar, locator: jarinjar, reader: mod manifest]
[06Jul2026 00:11:51.373] [main/INFO] [net.neoforged.fml.loading.moddiscovery.ModDiscoverer/SCAN]: Found library file "net.neoforged.neoforge-coremods-21.1.235.jar" [parent: neoforge-21.1.235-universal.jar, locator: jarinjar, reader: mod manifest]
[06Jul2026 00:11:51.374] [main/INFO] [net.neoforged.fml.loading.moddiscovery.ModDiscoverer/]: 
     Mod List:
		Name Version (Mod Id)

		Minecraft 1.21.1 (minecraft)
		NeoForge 21.1.235 (neoforge)
[06Jul2026 00:11:52.033] [main/INFO] [cpw.mods.modlauncher.LaunchServiceHandler/MODLAUNCHER]: Launching target 'forgeserver' with arguments [nogui]
[06Jul2026 00:11:53.354] [main/INFO] [MixinExtras|Service/]: Initializing MixinExtras via com.llamalad7.mixinextras.service.MixinExtrasServiceImpl(version=0.5.3).
[06Jul2026 00:11:59.079] [modloading-worker-0/INFO] [net.neoforged.neoforge.common.NeoForgeMod/NEOFORGE-MOD]: NeoForge mod loading, version 21.1.235, for MC 1.21.1
[06Jul2026 00:11:59.460] [main/INFO] [com.mojang.authlib.yggdrasil.YggdrasilAuthenticationService/]: Environment: Environment[sessionHost=https://sessionserver.mojang.com, servicesHost=https://api.minecraftservices.com, name=PROD]
[06Jul2026 00:11:59.510] [main/WARN] [net.minecraft.server.packs.VanillaPackResourcesBuilder/]: Assets URL 'union:/workspaces/bugthree/servidor_minecraft/libraries/net/minecraft/server/1.21.1-20240808.144430/server-1.21.1-20240808.144430-srg.jar%23117!/assets/.mcassetsroot' uses unexpected schema
[06Jul2026 00:11:59.511] [main/WARN] [net.minecraft.server.packs.VanillaPackResourcesBuilder/]: Assets URL 'union:/workspaces/bugthree/servidor_minecraft/libraries/net/minecraft/server/1.21.1-20240808.144430/server-1.21.1-20240808.144430-srg.jar%23117!/data/.mcassetsroot' uses unexpected schema
[06Jul2026 00:12:00.279] [main/INFO] [net.minecraft.server.Main/]: No existing world data, creating new world
[06Jul2026 00:12:00.942] [main/INFO] [net.minecraft.world.item.crafting.RecipeManager/]: Loaded 1290 recipes
[06Jul2026 00:12:01.119] [main/INFO] [net.minecraft.advancements.AdvancementTree/]: Loaded 1399 advancements
[06Jul2026 00:12:01.823] [Server thread/INFO] [net.minecraft.server.dedicated.DedicatedServer/]: Starting minecraft server version 1.21.1
[06Jul2026 00:12:01.824] [Server thread/INFO] [net.minecraft.server.dedicated.DedicatedServer/]: Loading properties
[06Jul2026 00:12:01.824] [Server thread/INFO] [net.minecraft.server.dedicated.DedicatedServer/]: Default game type: SURVIVAL
[06Jul2026 00:12:01.824] [Server thread/INFO] [net.minecraft.server.MinecraftServer/]: Generating keypair
[06Jul2026 00:12:02.015] [Server thread/INFO] [net.minecraft.server.dedicated.DedicatedServer/]: Starting Minecraft server on *:25565
[06Jul2026 00:12:02.065] [Server thread/INFO] [net.minecraft.server.network.ServerConnectionListener/]: Using epoll channel type
[06Jul2026 00:12:02.099] [Server thread/WARN] [net.minecraft.server.dedicated.DedicatedServer/]: **** SERVER IS RUNNING IN OFFLINE/INSECURE MODE!
[06Jul2026 00:12:02.100] [Server thread/WARN] [net.minecraft.server.dedicated.DedicatedServer/]: The server will make no attempt to authenticate usernames. Beware.
[06Jul2026 00:12:02.100] [Server thread/WARN] [net.minecraft.server.dedicated.DedicatedServer/]: While this makes the game possible to play without internet access, it also opens up the ability for hackers to connect with any username they choose.
[06Jul2026 00:12:02.100] [Server thread/WARN] [net.minecraft.server.dedicated.DedicatedServer/]: To change this, set "online-mode" to "true" in the server.properties file.
[06Jul2026 00:12:02.152] [Server thread/INFO] [net.minecraft.server.dedicated.DedicatedServer/]: Preparing level "world"
[06Jul2026 00:12:08.201] [Server thread/INFO] [net.minecraft.server.MinecraftServer/]: Preparing start region for dimension minecraft:overworld
[06Jul2026 00:12:08.239] [Worker-Main-1/INFO] [net.minecraft.server.level.progress.LoggerChunkProgressListener/]: Preparing spawn area: 2%
[06Jul2026 00:12:08.859] [Worker-Main-2/INFO] [net.minecraft.server.level.progress.LoggerChunkProgressListener/]: Preparing spawn area: 2%
[06Jul2026 00:12:09.208] [Worker-Main-2/INFO] [net.minecraft.server.level.progress.LoggerChunkProgressListener/]: Preparing spawn area: 2%
[06Jul2026 00:12:09.718] [Worker-Main-3/INFO] [net.minecraft.server.level.progress.LoggerChunkProgressListener/]: Preparing spawn area: 2%
[06Jul2026 00:12:10.280] [Worker-Main-1/INFO] [net.minecraft.server.level.progress.LoggerChunkProgressListener/]: Preparing spawn area: 6%
[06Jul2026 00:12:10.824] [Worker-Main-2/INFO] [net.minecraft.server.level.progress.LoggerChunkProgressListener/]: Preparing spawn area: 18%
[06Jul2026 00:12:11.219] [Worker-Main-2/INFO] [net.minecraft.server.level.progress.LoggerChunkProgressListener/]: Preparing spawn area: 18%
[06Jul2026 00:12:11.719] [Worker-Main-1/INFO] [net.minecraft.server.level.progress.LoggerChunkProgressListener/]: Preparing spawn area: 18%
[06Jul2026 00:12:12.350] [Worker-Main-3/INFO] [net.minecraft.server.level.progress.LoggerChunkProgressListener/]: Preparing spawn area: 51%
[06Jul2026 00:12:12.773] [Worker-Main-2/INFO] [net.minecraft.server.level.progress.LoggerChunkProgressListener/]: Preparing spawn area: 51%
[06Jul2026 00:12:13.210] [Worker-Main-2/INFO] [net.minecraft.server.level.progress.LoggerChunkProgressListener/]: Preparing spawn area: 51%
[06Jul2026 00:12:13.714] [Worker-Main-2/INFO] [net.minecraft.server.level.progress.LoggerChunkProgressListener/]: Preparing spawn area: 51%
[06Jul2026 00:12:13.986] [Server thread/INFO] [net.minecraft.server.level.progress.LoggerChunkProgressListener/]: Time elapsed: 5784 ms
[06Jul2026 00:12:13.986] [Server thread/INFO] [net.minecraft.server.dedicated.DedicatedServer/]: Done (11.867s)! For help, type "help"
[06Jul2026 00:12:14.015] [Server thread/INFO] [net.neoforged.neoforge.server.permission.PermissionAPI/]: Successfully initialized permission handler neoforge:default_handler
[06Jul2026 00:17:53.929] [Server thread/INFO] [net.minecraft.server.MinecraftServer/]: Stopping the server
[06Jul2026 00:17:53.967] [Server thread/INFO] [net.minecraft.server.MinecraftServer/]: Stopping server
[06Jul2026 00:17:53.969] [Server thread/INFO] [net.minecraft.server.MinecraftServer/]: Saving players
[06Jul2026 00:17:53.969] [Server thread/INFO] [net.minecraft.server.MinecraftServer/]: Saving worlds
[06Jul2026 00:17:54.687] [Server thread/INFO] [net.minecraft.server.MinecraftServer/]: Saving chunks for level 'ServerLevel[world]'/minecraft:overworld
[06Jul2026 00:17:54.690] [IO-Worker-12/ERROR] [net.minecraft.world.level.saveddata.SavedData/]: Could not save data net.minecraft.world.entity.raid.Raids@59c35d6c
java.nio.file.NoSuchFileException: ./world/data/raids.dat15181520270939866796.neoforge-tmp
	at java.base/sun.nio.fs.UnixException.translateToIOException(UnixException.java:92) ~[?:?]
	at java.base/sun.nio.fs.UnixException.rethrowAsIOException(UnixException.java:106) ~[?:?]
	at java.base/sun.nio.fs.UnixException.rethrowAsIOException(UnixException.java:111) ~[?:?]
	at java.base/sun.nio.fs.UnixFileSystemProvider.newFileChannel(UnixFileSystemProvider.java:213) ~[?:?]
	at java.base/sun.nio.fs.UnixFileSystemProvider.newByteChannel(UnixFileSystemProvider.java:244) ~[?:?]
	at java.base/java.nio.file.Files.newByteChannel(Files.java:357) ~[?:?]
	at java.base/java.nio.file.Files.createFile(Files.java:609) ~[?:?]
	at java.base/java.nio.file.TempFileHelper.create(TempFileHelper.java:132) ~[?:?]
	at java.base/java.nio.file.TempFileHelper.createTempFile(TempFileHelper.java:150) ~[?:?]
	at java.base/java.nio.file.Files.createTempFile(Files.java:801) ~[?:?]
	at TRANSFORMER/neoforge@21.1.235/net.neoforged.neoforge.common.IOUtilities.atomicWrite(IOUtilities.java:161) ~[neoforge-21.1.235-universal.jar%23118!/:?]
	at TRANSFORMER/neoforge@21.1.235/net.neoforged.neoforge.common.IOUtilities.writeNbtCompressed(IOUtilities.java:115) ~[neoforge-21.1.235-universal.jar%23118!/:?]
	at TRANSFORMER/minecraft@1.21.1/net.minecraft.world.level.saveddata.SavedData.lambda$save$0(SavedData.java:44) [server-1.21.1-20240808.144430-srg.jar%23117!/:?]
	at java.base/java.util.concurrent.CompletableFuture$UniRun.tryFire(CompletableFuture.java:808) [?:?]
	at java.base/java.util.concurrent.CompletableFuture$Completion.run(CompletableFuture.java:503) [?:?]
	at java.base/java.util.concurrent.ThreadPoolExecutor.runWorker(ThreadPoolExecutor.java:1090) [?:?]
	at java.base/java.util.concurrent.ThreadPoolExecutor$Worker.run(ThreadPoolExecutor.java:614) [?:?]
	at java.base/java.lang.Thread.run(Thread.java:1474) [?:?]
[06Jul2026 00:17:54.693] [IO-Worker-10/ERROR] [net.minecraft.world.level.saveddata.SavedData/]: Could not save data net.neoforged.neoforge.attachment.LevelAttachmentsSavedData@65131c78
java.nio.file.NoSuchFileException: ./world/data/neoforge_data_attachments.dat8512107943231931776.neoforge-tmp
	at java.base/sun.nio.fs.UnixException.translateToIOException(UnixException.java:92) ~[?:?]
	at java.base/sun.nio.fs.UnixException.rethrowAsIOException(UnixException.java:106) ~[?:?]
	at java.base/sun.nio.fs.UnixException.rethrowAsIOException(UnixException.java:111) ~[?:?]
	at java.base/sun.nio.fs.UnixFileSystemProvider.newFileChannel(UnixFileSystemProvider.java:213) ~[?:?]
	at java.base/sun.nio.fs.UnixFileSystemProvider.newByteChannel(UnixFileSystemProvider.java:244) ~[?:?]
	at java.base/java.nio.file.Files.newByteChannel(Files.java:357) ~[?:?]
	at java.base/java.nio.file.Files.createFile(Files.java:609) ~[?:?]
	at java.base/java.nio.file.TempFileHelper.create(TempFileHelper.java:132) ~[?:?]
	at java.base/java.nio.file.TempFileHelper.createTempFile(TempFileHelper.java:150) ~[?:?]
	at java.base/java.nio.file.Files.createTempFile(Files.java:801) ~[?:?]
	at TRANSFORMER/neoforge@21.1.235/net.neoforged.neoforge.common.IOUtilities.atomicWrite(IOUtilities.java:161) ~[neoforge-21.1.235-universal.jar%23118!/:?]
	at TRANSFORMER/neoforge@21.1.235/net.neoforged.neoforge.common.IOUtilities.writeNbtCompressed(IOUtilities.java:115) ~[neoforge-21.1.235-universal.jar%23118!/:?]
	at TRANSFORMER/minecraft@1.21.1/net.minecraft.world.level.saveddata.SavedData.lambda$save$0(SavedData.java:44) [server-1.21.1-20240808.144430-srg.jar%23117!/:?]
	at java.base/java.util.concurrent.CompletableFuture$UniRun.tryFire(CompletableFuture.java:808) [?:?]
	at java.base/java.util.concurrent.CompletableFuture$Completion.run(CompletableFuture.java:503) [?:?]
	at java.base/java.util.concurrent.ThreadPoolExecutor.runWorker(ThreadPoolExecutor.java:1090) [?:?]
	at java.base/java.util.concurrent.ThreadPoolExecutor$Worker.run(ThreadPoolExecutor.java:614) [?:?]
	at java.base/java.lang.Thread.run(Thread.java:1474) [?:?]
[06Jul2026 00:17:55.848] [Server thread/INFO] [net.minecraft.server.MinecraftServer/]: Saving chunks for level 'ServerLevel[world]'/minecraft:the_nether
[06Jul2026 00:17:55.849] [IO-Worker-10/ERROR] [net.minecraft.world.level.saveddata.SavedData/]: Could not save data net.minecraft.world.entity.raid.Raids@684dd2cb
java.nio.file.NoSuchFileException: ./world/DIM-1/data/raids.dat2492865659840715757.neoforge-tmp
	at java.base/sun.nio.fs.UnixException.translateToIOException(UnixException.java:92) ~[?:?]
	at java.base/sun.nio.fs.UnixException.rethrowAsIOException(UnixException.java:106) ~[?:?]
	at java.base/sun.nio.fs.UnixException.rethrowAsIOException(UnixException.java:111) ~[?:?]
	at java.base/sun.nio.fs.UnixFileSystemProvider.newFileChannel(UnixFileSystemProvider.java:213) ~[?:?]
	at java.base/sun.nio.fs.UnixFileSystemProvider.newByteChannel(UnixFileSystemProvider.java:244) ~[?:?]
	at java.base/java.nio.file.Files.newByteChannel(Files.java:357) ~[?:?]
	at java.base/java.nio.file.Files.createFile(Files.java:609) ~[?:?]
	at java.base/java.nio.file.TempFileHelper.create(TempFileHelper.java:132) ~[?:?]
	at java.base/java.nio.file.TempFileHelper.createTempFile(TempFileHelper.java:150) ~[?:?]
	at java.base/java.nio.file.Files.createTempFile(Files.java:801) ~[?:?]
	at TRANSFORMER/neoforge@21.1.235/net.neoforged.neoforge.common.IOUtilities.atomicWrite(IOUtilities.java:161) ~[neoforge-21.1.235-universal.jar%23118!/:?]
	at TRANSFORMER/neoforge@21.1.235/net.neoforged.neoforge.common.IOUtilities.writeNbtCompressed(IOUtilities.java:115) ~[neoforge-21.1.235-universal.jar%23118!/:?]
	at TRANSFORMER/minecraft@1.21.1/net.minecraft.world.level.saveddata.SavedData.lambda$save$0(SavedData.java:44) [server-1.21.1-20240808.144430-srg.jar%23117!/:?]
	at java.base/java.util.concurrent.CompletableFuture$UniRun.tryFire(CompletableFuture.java:808) [?:?]
	at java.base/java.util.concurrent.CompletableFuture$Completion.run(CompletableFuture.java:503) [?:?]
	at java.base/java.util.concurrent.ThreadPoolExecutor.runWorker(ThreadPoolExecutor.java:1090) [?:?]
	at java.base/java.util.concurrent.ThreadPoolExecutor$Worker.run(ThreadPoolExecutor.java:614) [?:?]
	at java.base/java.lang.Thread.run(Thread.java:1474) [?:?]
[06Jul2026 00:17:55.850] [IO-Worker-13/ERROR] [net.minecraft.world.level.saveddata.SavedData/]: Could not save data net.neoforged.neoforge.attachment.LevelAttachmentsSavedData@2a7e5b4d
java.nio.file.NoSuchFileException: ./world/DIM-1/data/neoforge_data_attachments.dat11965461982318017085.neoforge-tmp
	at java.base/sun.nio.fs.UnixException.translateToIOException(UnixException.java:92) ~[?:?]
	at java.base/sun.nio.fs.UnixException.rethrowAsIOException(UnixException.java:106) ~[?:?]
	at java.base/sun.nio.fs.UnixException.rethrowAsIOException(UnixException.java:111) ~[?:?]
	at java.base/sun.nio.fs.UnixFileSystemProvider.newFileChannel(UnixFileSystemProvider.java:213) ~[?:?]
	at java.base/sun.nio.fs.UnixFileSystemProvider.newByteChannel(UnixFileSystemProvider.java:244) ~[?:?]
	at java.base/java.nio.file.Files.newByteChannel(Files.java:357) ~[?:?]
	at java.base/java.nio.file.Files.createFile(Files.java:609) ~[?:?]
	at java.base/java.nio.file.TempFileHelper.create(TempFileHelper.java:132) ~[?:?]
	at java.base/java.nio.file.TempFileHelper.createTempFile(TempFileHelper.java:150) ~[?:?]
	at java.base/java.nio.file.Files.createTempFile(Files.java:801) ~[?:?]
	at TRANSFORMER/neoforge@21.1.235/net.neoforged.neoforge.common.IOUtilities.atomicWrite(IOUtilities.java:161) ~[neoforge-21.1.235-universal.jar%23118!/:?]
	at TRANSFORMER/neoforge@21.1.235/net.neoforged.neoforge.common.IOUtilities.writeNbtCompressed(IOUtilities.java:115) ~[neoforge-21.1.235-universal.jar%23118!/:?]
	at TRANSFORMER/minecraft@1.21.1/net.minecraft.world.level.saveddata.SavedData.lambda$save$0(SavedData.java:44) [server-1.21.1-20240808.144430-srg.jar%23117!/:?]
	at java.base/java.util.concurrent.CompletableFuture$UniRun.tryFire(CompletableFuture.java:808) [?:?]
	at java.base/java.util.concurrent.CompletableFuture$Completion.run(CompletableFuture.java:503) [?:?]
	at java.base/java.util.concurrent.ThreadPoolExecutor.runWorker(ThreadPoolExecutor.java:1090) [?:?]
	at java.base/java.util.concurrent.ThreadPoolExecutor$Worker.run(ThreadPoolExecutor.java:614) [?:?]
	at java.base/java.lang.Thread.run(Thread.java:1474) [?:?]
[06Jul2026 00:17:55.853] [Server thread/INFO] [net.minecraft.server.MinecraftServer/]: Saving chunks for level 'ServerLevel[world]'/minecraft:the_end
[06Jul2026 00:17:55.853] [IO-Worker-11/ERROR] [net.minecraft.world.level.saveddata.SavedData/]: Could not save data net.minecraft.world.entity.raid.Raids@b1e9bd2
java.nio.file.NoSuchFileException: ./world/DIM1/data/raids_end.dat18156141676340310393.neoforge-tmp
	at java.base/sun.nio.fs.UnixException.translateToIOException(UnixException.java:92) ~[?:?]
	at java.base/sun.nio.fs.UnixException.rethrowAsIOException(UnixException.java:106) ~[?:?]
	at java.base/sun.nio.fs.UnixException.rethrowAsIOException(UnixException.java:111) ~[?:?]
	at java.base/sun.nio.fs.UnixFileSystemProvider.newFileChannel(UnixFileSystemProvider.java:213) ~[?:?]
	at java.base/sun.nio.fs.UnixFileSystemProvider.newByteChannel(UnixFileSystemProvider.java:244) ~[?:?]
	at java.base/java.nio.file.Files.newByteChannel(Files.java:357) ~[?:?]
	at java.base/java.nio.file.Files.createFile(Files.java:609) ~[?:?]
	at java.base/java.nio.file.TempFileHelper.create(TempFileHelper.java:132) ~[?:?]
	at java.base/java.nio.file.TempFileHelper.createTempFile(TempFileHelper.java:150) ~[?:?]
	at java.base/java.nio.file.Files.createTempFile(Files.java:801) ~[?:?]
	at TRANSFORMER/neoforge@21.1.235/net.neoforged.neoforge.common.IOUtilities.atomicWrite(IOUtilities.java:161) ~[neoforge-21.1.235-universal.jar%23118!/:?]
	at TRANSFORMER/neoforge@21.1.235/net.neoforged.neoforge.common.IOUtilities.writeNbtCompressed(IOUtilities.java:115) ~[neoforge-21.1.235-universal.jar%23118!/:?]
	at TRANSFORMER/minecraft@1.21.1/net.minecraft.world.level.saveddata.SavedData.lambda$save$0(SavedData.java:44) [server-1.21.1-20240808.144430-srg.jar%23117!/:?]
	at java.base/java.util.concurrent.CompletableFuture$UniRun.tryFire(CompletableFuture.java:808) [?:?]
	at java.base/java.util.concurrent.CompletableFuture$Completion.run(CompletableFuture.java:503) [?:?]
	at java.base/java.util.concurrent.ThreadPoolExecutor.runWorker(ThreadPoolExecutor.java:1090) [?:?]
	at java.base/java.util.concurrent.ThreadPoolExecutor$Worker.run(ThreadPoolExecutor.java:614) [?:?]
	at java.base/java.lang.Thread.run(Thread.java:1474) [?:?]
[06Jul2026 00:17:55.855] [IO-Worker-13/ERROR] [net.minecraft.world.level.saveddata.SavedData/]: Could not save data net.neoforged.neoforge.attachment.LevelAttachmentsSavedData@24b9b072
java.nio.file.NoSuchFileException: ./world/DIM1/data/neoforge_data_attachments.dat17618762953691765333.neoforge-tmp
	at java.base/sun.nio.fs.UnixException.translateToIOException(UnixException.java:92) ~[?:?]
	at java.base/sun.nio.fs.UnixException.rethrowAsIOException(UnixException.java:106) ~[?:?]
	at java.base/sun.nio.fs.UnixException.rethrowAsIOException(UnixException.java:111) ~[?:?]
	at java.base/sun.nio.fs.UnixFileSystemProvider.newFileChannel(UnixFileSystemProvider.java:213) ~[?:?]
	at java.base/sun.nio.fs.UnixFileSystemProvider.newByteChannel(UnixFileSystemProvider.java:244) ~[?:?]
	at java.base/java.nio.file.Files.newByteChannel(Files.java:357) ~[?:?]
	at java.base/java.nio.file.Files.createFile(Files.java:609) ~[?:?]
	at java.base/java.nio.file.TempFileHelper.create(TempFileHelper.java:132) ~[?:?]
	at java.base/java.nio.file.TempFileHelper.createTempFile(TempFileHelper.java:150) ~[?:?]
	at java.base/java.nio.file.Files.createTempFile(Files.java:801) ~[?:?]
	at TRANSFORMER/neoforge@21.1.235/net.neoforged.neoforge.common.IOUtilities.atomicWrite(IOUtilities.java:161) ~[neoforge-21.1.235-universal.jar%23118!/:?]
	at TRANSFORMER/neoforge@21.1.235/net.neoforged.neoforge.common.IOUtilities.writeNbtCompressed(IOUtilities.java:115) ~[neoforge-21.1.235-universal.jar%23118!/:?]
	at TRANSFORMER/minecraft@1.21.1/net.minecraft.world.level.saveddata.SavedData.lambda$save$0(SavedData.java:44) [server-1.21.1-20240808.144430-srg.jar%23117!/:?]
	at java.base/java.util.concurrent.CompletableFuture$UniRun.tryFire(CompletableFuture.java:808) [?:?]
	at java.base/java.util.concurrent.CompletableFuture$Completion.run(CompletableFuture.java:503) [?:?]
	at java.base/java.util.concurrent.ThreadPoolExecutor.runWorker(ThreadPoolExecutor.java:1090) [?:?]
	at java.base/java.util.concurrent.ThreadPoolExecutor$Worker.run(ThreadPoolExecutor.java:614) [?:?]
	at java.base/java.lang.Thread.run(Thread.java:1474) [?:?]
[06Jul2026 00:17:55.860] [Server thread/ERROR] [net.minecraft.world.level.storage.LevelStorageSource/]: Failed to save level ./world
java.nio.file.NoSuchFileException: ./world/level18375753116087512741.dat
	at java.base/sun.nio.fs.UnixException.translateToIOException(UnixException.java:92) ~[?:?]
	at java.base/sun.nio.fs.UnixException.rethrowAsIOException(UnixException.java:106) ~[?:?]
	at java.base/sun.nio.fs.UnixException.rethrowAsIOException(UnixException.java:111) ~[?:?]
	at java.base/sun.nio.fs.UnixFileSystemProvider.newFileChannel(UnixFileSystemProvider.java:213) ~[?:?]
	at java.base/sun.nio.fs.UnixFileSystemProvider.newByteChannel(UnixFileSystemProvider.java:244) ~[?:?]
	at java.base/java.nio.file.Files.newByteChannel(Files.java:357) ~[?:?]
	at java.base/java.nio.file.Files.createFile(Files.java:609) ~[?:?]
	at java.base/java.nio.file.TempFileHelper.create(TempFileHelper.java:132) ~[?:?]
	at java.base/java.nio.file.TempFileHelper.createTempFile(TempFileHelper.java:150) ~[?:?]
	at java.base/java.nio.file.Files.createTempFile(Files.java:801) ~[?:?]
	at TRANSFORMER/minecraft@1.21.1/net.minecraft.world.level.storage.LevelStorageSource$LevelStorageAccess.saveLevelData(LevelStorageSource.java:520) [server-1.21.1-20240808.144430-srg.jar%23117!/:?]
	at TRANSFORMER/minecraft@1.21.1/net.minecraft.world.level.storage.LevelStorageSource$LevelStorageAccess.saveDataTag(LevelStorageSource.java:513) [server-1.21.1-20240808.144430-srg.jar%23117!/:?]
	at TRANSFORMER/minecraft@1.21.1/net.minecraft.server.MinecraftServer.saveAllChunks(MinecraftServer.java:559) [server-1.21.1-20240808.144430-srg.jar%23117!/:?]
	at TRANSFORMER/minecraft@1.21.1/net.minecraft.server.MinecraftServer.stopServer(MinecraftServer.java:622) [server-1.21.1-20240808.144430-srg.jar%23117!/:?]
	at TRANSFORMER/minecraft@1.21.1/net.minecraft.server.dedicated.DedicatedServer.stopServer(DedicatedServer.java:567) [server-1.21.1-20240808.144430-srg.jar%23117!/:?]
	at TRANSFORMER/minecraft@1.21.1/net.minecraft.server.MinecraftServer.runServer(MinecraftServer.java:742) [server-1.21.1-20240808.144430-srg.jar%23117!/:?]
	at TRANSFORMER/minecraft@1.21.1/net.minecraft.server.MinecraftServer.lambda$spin$2(MinecraftServer.java:267) [server-1.21.1-20240808.144430-srg.jar%23117!/:?]
	at java.base/java.lang.Thread.run(Thread.java:1474) [?:?]
[06Jul2026 00:17:55.863] [Server thread/INFO] [net.minecraft.server.MinecraftServer/]: ThreadedAnvilChunkStorage (world): All chunks are saved
[06Jul2026 00:17:55.865] [Server thread/INFO] [net.minecraft.server.MinecraftServer/]: ThreadedAnvilChunkStorage (DIM-1): All chunks are saved
[06Jul2026 00:17:55.865] [Server thread/INFO] [net.minecraft.server.MinecraftServer/]: ThreadedAnvilChunkStorage (DIM1): All chunks are saved
[06Jul2026 00:17:55.865] [Server thread/INFO] [net.minecraft.server.MinecraftServer/]: ThreadedAnvilChunkStorage: All dimensions are saved
